<?xml version="1.0" encoding="UTF-8"?>
<!-- Generated by org.testng.reporters.JUnitReportReporter -->
<testsuite hostname="DESKTOP-ALME922" failures="0" tests="1" name="AzureTest.AzureRun.testRunAzure" time="4.652" errors="0" timestamp="14 May 2021 16:31:50 GMT">
  <testcase classname="AzureTest.AzureRun.testRunAzure" name="verifyAzure" time="4.652"/>
</testsuite> <!-- AzureTest.AzureRun.testRunAzure -->
