<?xml version="1.0" encoding="UTF-8"?>
<!-- Generated by org.testng.reporters.JUnitReportReporter -->
<testsuite skipped="0" hostname="DESKTOP-ALME922" name="demo_pkg.demotest" tests="4" failures="0" timestamp="2020-05-21T18:50:54 EDT" time="0.013" errors="0">
  <testcase name="sub" time="0.000" classname="demo_pkg.demotest"/>
  <system-out/>
  <testcase name="sum" time="0.000" classname="demo_pkg.demotest"/>
  <system-out/>
  <testcase name="div" time="0.013" classname="demo_pkg.demotest"/>
  <system-out/>
  <testcase name="multi" time="0.000" classname="demo_pkg.demotest"/>
  <system-out/>
</testsuite> <!-- demo_pkg.demotest -->
