<?xml version="1.0" encoding="UTF-8"?>
<!-- Generated by org.testng.reporters.JUnitReportReporter -->
<testsuite skipped="0" hostname="DESKTOP-ALME922" name="demo_pkg.demo_test" tests="4" failures="0" timestamp="21 May 2020 20:14:36 GMT" time="0.023" errors="0">
  <testcase name="multi" time="0.001" classname="demo_pkg.demo_test"/>
  <testcase name="div" time="0.018" classname="demo_pkg.demo_test"/>
  <testcase name="sub" time="0.002" classname="demo_pkg.demo_test"/>
  <testcase name="sum" time="0.002" classname="demo_pkg.demo_test"/>
</testsuite> <!-- demo_pkg.demo_test -->
